<?xml version="1.0" encoding="utf-8"?><testsuites name="pytest tests"><testsuite name="pytest" errors="0" failures="0" skipped="0" tests="50" time="213.585" timestamp="2026-03-27T12:27:04.944275-06:00" hostname="C11-VPALUKI0MIE"><testcase classname="tests.e2e.test_admin_groups_crud" name="test_rename_group_and_update_web_search_query" time="10.890" /><testcase classname="tests.e2e.test_admin_groups_crud" name="test_rename_group_shows_validation_error_for_empty_name" time="4.024" /><testcase classname="tests.e2e.test_admin_groups_crud" name="test_set_default_group_and_verify_it_loads_on_home" time="8.189" /><testcase classname="tests.e2e.test_admin_groups_crud" name="test_delete_empty_group_succeeds" time="8.197" /><testcase classname="tests.e2e.test_admin_groups_crud" name="test_delete_button_disabled_when_group_has_entries" time="3.579" /><testcase classname="tests.e2e.test_admin_groups_crud" name="test_create_group_with_web_search_query_persists_query" time="8.240" /><testcase classname="tests.e2e.test_admin_groups_crud" name="test_admin_groups_shows_no_groups_empty_state_when_db_is_empty" time="8.538" /><testcase classname="tests.e2e.test_core_workflows" name="test_create_dedicated_group_and_validate_admin_rules" time="3.414" /><testcase classname="tests.e2e.test_core_workflows" name="test_entry_form_validation_rejects_missing_fields_invalid_urls_and_partial_links" time="3.615" /><testcase classname="tests.e2e.test_core_workflows" name="test_create_edit_filter_search_and_export_entry" time="6.225" /><testcase classname="tests.e2e.test_core_workflows" name="test_timeline_views_and_drill_down_cover_details_summaries_months_and_years" time="5.229" /><testcase classname="tests.e2e.test_navigation_and_entry_detail" name="test_navbar_links_navigate_to_correct_pages" time="4.910" /><testcase classname="tests.e2e.test_navigation_and_entry_detail" name="test_export_link_in_navbar_downloads_json" time="4.420" /><testcase classname="tests.e2e.test_navigation_and_entry_detail" name="test_dark_mode_toggle_switches_and_persists_theme" time="4.357" /><testcase classname="tests.e2e.test_navigation_and_entry_detail" name="test_entry_detail_page_shows_title_date_group_tags_source_url_and_links" time="8.296" /><testcase classname="tests.e2e.test_navigation_and_entry_detail" name="test_entry_detail_page_shows_no_links_placeholder_when_empty" time="3.015" /><testcase classname="tests.e2e.test_navigation_and_entry_detail" name="test_entry_not_found_returns_404" time="3.342" /><testcase classname="tests.e2e.test_navigation_and_entry_detail" name="test_story_not_found_returns_non_200" time="2.936" /><testcase classname="tests.e2e.test_navigation_and_entry_detail" name="test_nonexistent_group_on_timeline_returns_404" time="3.448" /><testcase classname="tests.e2e.test_navigation_and_entry_detail" name="test_create_entry_with_duplicate_source_url_shows_error" time="3.356" /><testcase classname="tests.e2e.test_navigation_and_entry_detail" name="test_back_to_timeline_link_navigates_to_home" time="4.101" /><testcase classname="tests.e2e.test_optional_mocked_workflows" name="test_html_preview_sanitizes_unsafe_markup_and_preserves_allowed_tags" time="3.480" /><testcase classname="tests.e2e.test_optional_mocked_workflows" name="test_html_preview_shows_temporary_unavailable_when_request_fails" time="3.486" /><testcase classname="tests.e2e.test_optional_mocked_workflows" name="test_ai_generation_applies_mocked_draft_and_metadata" time="4.039" /><testcase classname="tests.e2e.test_optional_mocked_workflows" name="test_ai_generation_renders_mocked_error_partials_without_overwriting_form_values[400-Title or source URL is required to generate a summary.]" time="3.542" /><testcase classname="tests.e2e.test_optional_mocked_workflows" name="test_ai_generation_renders_mocked_error_partials_without_overwriting_form_values[502-Could not generate a summary right now.]" time="4.051" /><testcase classname="tests.e2e.test_optional_mocked_workflows" name="test_ai_generation_renders_mocked_error_partials_without_overwriting_form_values[500-Summary generation failed. You can still write manually.]" time="4.151" /><testcase classname="tests.e2e.test_optional_mocked_workflows" name="test_group_web_search_panel_is_hidden_without_a_group_query" time="3.101" /><testcase classname="tests.e2e.test_optional_mocked_workflows" name="test_group_web_search_shows_disabled_copy_when_provider_is_not_copilot" time="3.216" /><testcase classname="tests.e2e.test_optional_mocked_workflows" name="test_copilot_group_web_search_handles_empty_result_refresh_result_and_error_states" time="3.853" /><testcase classname="tests.e2e.test_search_and_topic_graph" name="test_search_page_empty_state_shows_instructions" time="3.033" /><testcase classname="tests.e2e.test_search_and_topic_graph" name="test_search_returns_matching_entry_with_highlighted_terms" time="3.045" /><testcase classname="tests.e2e.test_search_and_topic_graph" name="test_search_shows_no_results_message_for_unmatched_query" time="3.104" /><testcase classname="tests.e2e.test_search_and_topic_graph" name="test_search_scoped_to_group_excludes_other_group_entries" time="3.016" /><testcase classname="tests.e2e.test_search_and_topic_graph" name="test_search_all_groups_finds_entries_across_groups" time="3.041" /><testcase classname="tests.e2e.test_search_and_topic_graph" name="test_create_story_link_from_search_navigates_to_story_page" time="3.202" /><testcase classname="tests.e2e.test_search_and_topic_graph" name="test_filter_timeline_link_from_search_returns_to_filtered_timeline" time="3.207" /><testcase classname="tests.e2e.test_search_and_topic_graph" name="test_topic_graph_page_renders_heading_and_svg_container" time="3.093" /><testcase classname="tests.e2e.test_search_and_topic_graph" name="test_topic_graph_page_returns_404_for_nonexistent_group" time="2.906" /><testcase classname="tests.e2e.test_search_and_topic_graph" name="test_timeline_group_selector_switches_between_groups" time="3.134" /><testcase classname="tests.e2e.test_search_and_topic_graph" name="test_timeline_all_groups_view_shows_entries_from_multiple_groups" time="4.790" /><testcase classname="tests.e2e.test_story_mode" name="test_story_page_loads_with_correct_headings_and_form_elements" time="3.682" /><testcase classname="tests.e2e.test_story_mode" name="test_story_page_shows_no_entries_warning_when_scope_is_empty" time="3.698" /><testcase classname="tests.e2e.test_story_mode" name="test_story_page_scope_pills_display_group_and_entry_count" time="3.827" /><testcase classname="tests.e2e.test_story_mode" name="test_story_page_format_selector_has_three_options" time="3.279" /><testcase classname="tests.e2e.test_story_mode" name="test_story_generate_mocked_success_shows_title_and_narrative" time="3.726" /><testcase classname="tests.e2e.test_story_mode" name="test_story_generate_mocked_error_shows_alert[400-Story generation failed]" time="3.116" /><testcase classname="tests.e2e.test_story_mode" name="test_story_generate_mocked_error_shows_alert[502-Story generation failed]" time="3.655" /><testcase classname="tests.e2e.test_story_mode" name="test_save_story_and_view_saved_story_page" time="3.802" /><testcase classname="tests.e2e.test_story_mode" name="test_story_page_year_month_scope_filters_count_correctly" time="3.900" /></testsuite></testsuites>